SF:lib/services/database_service.dart
DA:15,3
DA:16,2
DA:17,1
DA:21,1
DA:22,2
DA:23,0
DA:24,0
DA:27,1
DA:28,1
DA:29,1
DA:38,0
DA:39,0
DA:42,1
DA:43,1
DA:44,0
DA:46,2
DA:48,1
DA:50,1
DA:51,1
DA:73,1
DA:89,1
DA:105,1
DA:120,1
DA:131,1
DA:138,1
DA:151,1
DA:163,0
DA:169,2
DA:172,1
DA:173,1
DA:175,2
DA:176,5
DA:182,1
DA:183,1
DA:184,1
DA:194,2
DA:195,3
DA:196,0
DA:201,1
DA:202,1
DA:203,1
DA:211,2
DA:212,3
DA:213,0
DA:218,1
DA:219,1
DA:220,1
DA:230,2
DA:231,3
DA:232,0
DA:237,1
DA:238,1
DA:239,0
DA:255,1
DA:266,2
DA:267,3
DA:268,0
DA:273,1
DA:274,1
DA:275,0
DA:284,1
DA:285,1
DA:286,0
DA:300,1
DA:310,2
DA:311,3
DA:312,4
DA:317,1
DA:318,1
DA:319,0
DA:331,1
DA:332,0
DA:336,1
DA:337,1
DA:338,0
DA:354,0
DA:355,0
DA:356,0
DA:359,0
DA:360,0
DA:361,0
DA:363,0
DA:365,0
DA:369,0
DA:370,0
DA:371,0
DA:379,0
DA:380,0
DA:383,0
DA:384,0
DA:385,0
DA:386,0
DA:389,0
DA:396,0
DA:397,0
DA:398,0
DA:400,0
DA:401,0
DA:403,0
DA:404,0
DA:405,0
DA:406,0
DA:409,1
DA:410,1
DA:411,1
DA:412,1
DA:414,0
DA:415,0
DA:418,1
DA:419,2
DA:420,2
DA:421,1
DA:425,1
DA:426,1
DA:427,1
DA:429,1
DA:430,2
DA:431,3
DA:432,3
DA:434,4
DA:435,4
DA:437,2
DA:443,0
DA:444,0
DA:445,0
DA:447,0
DA:448,0
DA:450,0
DA:451,0
DA:455,0
DA:456,0
DA:457,0
DA:460,0
DA:461,0
DA:462,0
DA:463,0
DA:464,0
DA:467,0
DA:468,0
DA:469,0
DA:470,0
DA:473,0
DA:474,0
DA:475,0
DA:478,0
DA:479,0
DA:480,0
DA:483,0
DA:484,0
DA:485,0
DA:486,0
DA:488,0
DA:491,0
DA:492,0
DA:493,0
DA:494,0
DA:495,0
DA:498,0
DA:499,0
DA:500,0
DA:501,0
DA:504,1
DA:506,2
DA:507,1
DA:508,0
DA:509,0
DA:514,0
DA:515,0
DA:516,0
DA:519,0
DA:520,0
DA:521,0
DA:524,0
DA:525,0
DA:526,0
DA:529,0
DA:530,0
DA:532,0
DA:535,0
DA:536,0
DA:539,0
DA:543,0
DA:544,0
DA:545,0
DA:546,0
DA:549,0
DA:550,0
DA:551,0
DA:554,0
DA:555,0
DA:556,0
DA:559,1
DA:560,1
DA:561,5
DA:563,1
DA:564,1
DA:566,1
DA:567,1
DA:568,1
DA:569,1
DA:572,1
DA:573,3
DA:574,0
DA:575,0
DA:577,0
DA:581,1
DA:582,2
DA:585,1
DA:586,3
DA:587,0
DA:588,0
DA:590,0
DA:597,0
DA:598,0
DA:599,0
DA:600,0
DA:603,0
DA:604,0
DA:605,0
DA:608,0
DA:609,0
DA:610,0
DA:613,0
DA:614,0
DA:615,0
DA:618,1
DA:619,1
DA:620,2
DA:621,2
DA:623,3
DA:624,2
DA:625,5
DA:627,1
DA:628,0
DA:630,2
DA:631,3
DA:634,3
DA:635,2
DA:636,5
DA:638,1
DA:639,0
DA:641,2
DA:642,2
DA:643,1
DA:645,3
DA:651,0
DA:652,0
DA:653,0
DA:654,0
DA:655,0
DA:656,0
DA:659,0
DA:663,0
DA:664,0
DA:665,0
DA:666,0
DA:667,0
DA:668,0
DA:669,0
DA:673,0
DA:674,0
DA:675,0
DA:678,0
DA:679,0
DA:680,0
DA:683,0
DA:684,0
DA:685,0
DA:688,0
DA:689,0
DA:690,0
DA:694,0
DA:696,0
DA:697,0
DA:699,0
DA:700,0
DA:702,0
DA:703,0
DA:704,0
DA:705,0
DA:709,0
DA:710,0
DA:711,0
DA:712,0
DA:713,0
DA:715,0
DA:716,0
DA:717,0
DA:718,0
DA:719,0
DA:720,0
DA:724,0
DA:725,0
DA:726,0
DA:727,0
DA:728,0
DA:729,0
DA:733,0
DA:734,0
DA:735,0
DA:736,0
DA:737,0
DA:738,0
DA:742,0
DA:743,0
LF:305
LH:113
end_of_record
SF:lib/models/formation.dart
DA:25,1
DA:46,0
DA:47,0
DA:49,1
DA:50,1
DA:51,1
DA:52,1
DA:53,1
DA:54,1
DA:55,1
DA:56,1
DA:57,1
DA:58,1
DA:59,1
DA:60,1
DA:61,1
DA:62,2
DA:63,1
DA:64,1
DA:65,1
DA:66,1
DA:70,1
DA:71,1
DA:72,1
DA:73,1
DA:74,1
DA:75,1
DA:76,2
DA:77,1
DA:78,1
DA:79,1
DA:80,2
DA:81,1
DA:82,1
DA:83,4
DA:86,2
DA:87,2
DA:88,2
DA:89,2
DA:93,0
DA:113,0
DA:114,0
DA:115,0
DA:116,0
DA:117,0
DA:118,0
DA:119,0
DA:120,0
DA:121,0
DA:122,0
DA:123,0
DA:124,0
DA:125,0
DA:126,0
DA:127,0
DA:128,0
DA:129,0
DA:130,0
DA:131,0
LF:59
LH:37
end_of_record
SF:lib/models/formateur.dart
DA:12,1
DA:24,1
DA:25,1
DA:26,1
DA:28,1
DA:29,1
DA:30,1
DA:31,1
DA:32,1
DA:33,1
DA:34,1
DA:35,1
DA:39,1
DA:41,1
DA:42,1
DA:43,1
DA:44,1
DA:45,1
DA:46,2
DA:48,1
DA:49,1
DA:50,1
DA:51,1
LF:23
LH:23
end_of_record
SF:lib/models/session.dart
DA:13,1
DA:25,0
DA:27,0
DA:28,0
DA:29,0
DA:31,0
DA:32,0
DA:33,0
DA:35,0
DA:36,0
DA:37,0
DA:38,0
DA:39,0
DA:43,1
DA:45,1
DA:46,1
DA:47,1
DA:48,2
DA:49,2
DA:50,1
DA:52,1
DA:53,1
DA:54,1
DA:56,0
DA:58,1
DA:59,0
DA:61,1
DA:62,0
DA:64,1
DA:65,1
DA:66,2
DA:67,2
DA:68,1
LF:33
LH:18
end_of_record
SF:lib/models/document.dart
DA:14,0
DA:26,0
DA:28,0
DA:29,0
DA:30,0
DA:31,0
DA:32,0
DA:33,0
DA:34,0
DA:35,0
DA:36,0
DA:37,0
DA:38,0
DA:39,0
DA:42,0
DA:43,0
DA:44,0
DA:45,0
DA:46,0
DA:47,0
DA:48,0
DA:49,0
DA:50,0
DA:51,0
DA:52,0
DA:53,0
LF:26
LH:0
end_of_record
SF:lib/models/inscription.dart
DA:13,0
DA:24,0
DA:25,0
DA:26,0
DA:27,0
DA:28,0
DA:29,0
DA:30,0
DA:31,0
DA:32,0
DA:33,0
DA:37,0
DA:38,0
DA:39,0
DA:40,0
DA:41,0
DA:42,0
DA:43,0
DA:44,0
DA:45,0
LF:20
LH:0
end_of_record
SF:lib/models/student.dart
DA:12,0
DA:24,0
DA:25,0
DA:26,0
DA:27,0
DA:28,0
DA:29,0
DA:30,0
DA:31,0
DA:32,0
DA:33,0
DA:36,0
DA:37,0
DA:38,0
DA:39,0
DA:40,0
DA:41,0
DA:42,0
DA:43,0
DA:44,0
DA:45,0
LF:21
LH:0
end_of_record
